#
# A fatal error has been detected by the Java Runtime Environment:
#
#  EXCEPTION_ACCESS_VIOLATION (0xc0000005) at pc=0x00007fffb6c44445, pid=12628, tid=11540
#
# JRE version: OpenJDK Runtime Environment Corretto-11.0.21.9.1 (11.0.21+9) (build 11.0.21+9-LTS)
# Java VM: OpenJDK 64-Bit Server VM Corretto-11.0.21.9.1 (11.0.21+9-LTS, mixed mode, tiered, compressed oops, g1 gc, windows-amd64)
# Problematic frame:
# C  [atio6axx.dll+0x54445]
#
# No core dump will be written. Minidumps are not enabled by default on client versions of Windows
#
# If you would like to submit a bug report, please visit:
#   https://github.com/corretto/corretto-11/issues/
# The crash happened outside the Java Virtual Machine in native code.
# See problematic frame for where to report the bug.
#

---------------  S U M M A R Y ------------

Command Line: -Dfile.encoding=windows-1252 -Duser.country=US -Duser.language=en -Duser.variant Main

Host: AMD Ryzen 9 5900HX with Radeon Graphics        , 16 cores, 15G,  Windows 11 , 64 bit Build 22621 (10.0.22621.3958)
Time: Wed Sep 25 18:45:59 2024 SE Asia Standard Time elapsed time: 1.015353 seconds (0d 0h 0m 1s)

---------------  T H R E A D  ---------------

Current thread (0x00000263d4bd9800):  JavaThread "main" [_thread_in_native, id=11540, stack(0x0000009f86500000,0x0000009f86600000)]

Stack: [0x0000009f86500000,0x0000009f86600000],  sp=0x0000009f865fed08,  free space=1019k
Native frames: (J=compiled Java code, j=interpreted, Vv=VM code, C=native code)
C  [atio6axx.dll+0x54445]

Java frames: (J=compiled Java code, j=interpreted, Vv=VM code)
j  org.lwjgl.opengl.GL11C.nglDrawElements(IIIJ)V+0
j  org.lwjgl.opengl.GL11C.glDrawElements(IIIJ)V+4
j  org.lwjgl.opengl.GL11.glDrawElements(IIIJ)V+4
j  Unreality.LevelEditorScene.update(F)V+32
j  Unreality.Window.loop()V+75
j  Unreality.Window.run()V+19
j  Main.main([Ljava/lang/String;)V+5
v  ~StubRoutines::call_stub

siginfo: EXCEPTION_ACCESS_VIOLATION (0xc0000005), reading address 0x0000000000000000


Register to memory mapping:

RIP=0x00007fffb6c44445 atio6axx.dll
RAX=0x00007fffb6c44445 atio6axx.dll
RBX=0x00000263a59fd168 points into unknown readable memory: 0x0000000000000000 | 00 00 00 00 00 00 00 00
RCX=0x00000263a59fd190 points into unknown readable memory: 0x0000000000000000 | 00 00 00 00 00 00 00 00
RDX=0x0 is NULL
RSP=0x0000009f865fed08 is pointing into the stack for thread: 0x00000263d4bd9800
RBP=0x00000263a58c8e00 points into unknown readable memory: 0x00000263a59f6040 | 40 60 9f a5 63 02 00 00
RSI=0x00000263a5785080 points into unknown readable memory: 0x00007fffba5f4020 | 20 40 5f ba ff 7f 00 00
RDI=0x00000263fee81ba8 points into unknown readable memory: 0x00007fffba5dda90 | 90 da 5d ba ff 7f 00 00
R8 =0x0000000000000018 is an unknown value
R9 =0x00007fffb6bf0000 atio6axx.dll
R10=0x00000263fee804c8 points into unknown readable memory: 0x00007fffba5ec648 | 48 c6 5e ba ff 7f 00 00
R11=0x0000009f865fe9c0 is pointing into the stack for thread: 0x00000263d4bd9800
R12=0x0000000000000018 is an unknown value
R13=0x0000000000000018 is an unknown value
R14=0x0 is NULL
R15=0x0 is NULL


Registers:
RAX=0x00007fffb6c44445, RBX=0x00000263a59fd168, RCX=0x00000263a59fd190, RDX=0x0000000000000000
RSP=0x0000009f865fed08, RBP=0x00000263a58c8e00, RSI=0x00000263a5785080, RDI=0x00000263fee81ba8
R8 =0x0000000000000018, R9 =0x00007fffb6bf0000, R10=0x00000263fee804c8, R11=0x0000009f865fe9c0
R12=0x0000000000000018, R13=0x0000000000000018, R14=0x0000000000000000, R15=0x0000000000000000
RIP=0x00007fffb6c44445, EFLAGS=0x0000000000010202

Top of Stack: (sp=0x0000009f865fed08)
0x0000009f865fed08:   00007fffb705c5ed 0000000000000004
0x0000009f865fed18:   0000000000001405 00000263fee804c8
0x0000009f865fed28:   0000000000000000 00000263a59fd190
0x0000009f865fed38:   00000263a59fd168 0000000000000040
0x0000009f865fed48:   0000000000000000 00000263a5785080
0x0000009f865fed58:   0000000000000004 0000000000001405
0x0000009f865fed68:   00000263fa519a00 0000000000000000
0x0000009f865fed78:   00000263fee81ba8 0000000000000006
0x0000009f865fed88:   00000263a5785080 0000000000000000
0x0000009f865fed98:   00007fffb71071c4 00000263a5785001
0x0000009f865feda8:   0000026300000004 0000000500000006
0x0000009f865fedb8:   0000000000001405 0000000000000000
0x0000009f865fedc8:   00007fffb6c68dd6 0000000000000000
0x0000009f865fedd8:   00007fff00000004 00000263a5785080
0x0000009f865fede8:   0000003800000000 00000263fee81ba8
0x0000009f865fedf8:   00007fffbb6e5600 0000000000000006 

Instructions: (pc=0x00007fffb6c44445)
0x00007fffb6c44345:   08 c3 f2 0f 10 02 f2 0f 11 01 0f b7 42 08 66 89
0x00007fffb6c44355:   41 08 0f b6 42 0a 88 41 0a c3 f2 0f 10 02 f2 0f
0x00007fffb6c44365:   11 01 8b 42 08 89 41 08 c3 f2 0f 10 02 f2 0f 11
0x00007fffb6c44375:   01 8b 42 08 89 41 08 0f b6 42 0c 88 41 0c c3 f2
0x00007fffb6c44385:   0f 10 02 f2 0f 11 01 8b 42 08 89 41 08 0f b7 42
0x00007fffb6c44395:   0c 66 89 41 0c c3 f2 0f 10 02 f2 0f 11 01 8b 42
0x00007fffb6c443a5:   08 89 41 08 0f b7 42 0c 66 89 41 0c 0f b6 42 0e
0x00007fffb6c443b5:   88 41 0e c3 0f 10 02 0f 11 01 c3 0f 10 02 0f 11
0x00007fffb6c443c5:   01 0f b6 42 10 88 41 10 c3 0f 10 02 0f 11 01 0f
0x00007fffb6c443d5:   b7 42 10 66 89 41 10 c3 0f 10 02 0f 11 01 0f b7
0x00007fffb6c443e5:   42 10 66 89 41 10 0f b6 42 12 88 41 12 c3 0f 10
0x00007fffb6c443f5:   02 0f 11 01 8b 42 10 89 41 10 c3 0f 10 02 0f 11
0x00007fffb6c44405:   01 8b 42 10 89 41 10 0f b6 42 14 88 41 14 c3 0f
0x00007fffb6c44415:   10 02 0f 11 01 8b 42 10 89 41 10 0f b7 42 14 66
0x00007fffb6c44425:   89 41 14 c3 0f 10 02 0f 11 01 8b 42 10 89 41 10
0x00007fffb6c44435:   0f b7 42 14 66 89 41 14 0f b6 42 16 88 41 16 c3
0x00007fffb6c44445:   0f 10 02 0f 11 01 f2 0f 10 4a 10 f2 0f 11 49 10
0x00007fffb6c44455:   c3 0f 10 02 0f 11 01 f2 0f 10 4a 10 f2 0f 11 49
0x00007fffb6c44465:   10 0f b6 42 18 88 41 18 c3 0f 10 02 0f 11 01 f2
0x00007fffb6c44475:   0f 10 4a 10 f2 0f 11 49 10 0f b7 42 18 66 89 41
0x00007fffb6c44485:   18 c3 0f 10 02 0f 11 01 f2 0f 10 4a 10 f2 0f 11
0x00007fffb6c44495:   49 10 0f b7 42 18 66 89 41 18 0f b6 42 1a 88 41
0x00007fffb6c444a5:   1a c3 0f 10 02 0f 11 01 f2 0f 10 4a 10 f2 0f 11
0x00007fffb6c444b5:   49 10 8b 42 18 89 41 18 c3 0f 10 02 0f 11 01 f2
0x00007fffb6c444c5:   0f 10 4a 10 f2 0f 11 49 10 8b 42 18 89 41 18 0f
0x00007fffb6c444d5:   b6 42 1c 88 41 1c c3 0f 10 02 0f 11 01 f2 0f 10
0x00007fffb6c444e5:   4a 10 f2 0f 11 49 10 8b 42 18 89 41 18 0f b7 42
0x00007fffb6c444f5:   1c 66 89 41 1c c3 0f 10 02 0f 11 01 f2 0f 10 4a
0x00007fffb6c44505:   10 f2 0f 11 49 10 8b 42 18 89 41 18 0f b7 42 1c
0x00007fffb6c44515:   66 89 41 1c 0f b6 42 1e 88 41 1e c3 0f 10 02 0f
0x00007fffb6c44525:   11 01 0f 10 4a 10 0f 11 49 10 c3 0f 10 02 0f 11
0x00007fffb6c44535:   01 0f 10 4a 10 0f 11 49 10 0f b6 42 20 88 41 20 


Stack slot to memory mapping:
stack at sp + 0 slots: 0x00007fffb705c5ed atio6axx.dll
stack at sp + 1 slots: 0x0000000000000004 is an unknown value
stack at sp + 2 slots: 0x0000000000001405 is an unknown value
stack at sp + 3 slots: 0x00000263fee804c8 points into unknown readable memory: 0x00007fffba5ec648 | 48 c6 5e ba ff 7f 00 00
stack at sp + 4 slots: 0x0 is NULL
stack at sp + 5 slots: 0x00000263a59fd190 points into unknown readable memory: 0x0000000000000000 | 00 00 00 00 00 00 00 00
stack at sp + 6 slots: 0x00000263a59fd168 points into unknown readable memory: 0x0000000000000000 | 00 00 00 00 00 00 00 00
stack at sp + 7 slots: 64 is a compressed pointer to class: 0x0000000800000040


---------------  P R O C E S S  ---------------

Threads class SMR info:
_java_thread_list=0x00000263f9faf5d0, length=12, elements={
0x00000263d4bd9800, 0x00000263f8f13800, 0x00000263f97cb800, 0x00000263f9815800,
0x00000263f9816800, 0x00000263f9817800, 0x00000263f981a800, 0x00000263f9826000,
0x00000263f9838800, 0x00000263f97a0800, 0x00000263f99b7000, 0x00000263a6f84800
}

Java Threads: ( => current thread )
=>0x00000263d4bd9800 JavaThread "main" [_thread_in_native, id=11540, stack(0x0000009f86500000,0x0000009f86600000)]
  0x00000263f8f13800 JavaThread "Reference Handler" daemon [_thread_blocked, id=10068, stack(0x0000009f86c00000,0x0000009f86d00000)]
  0x00000263f97cb800 JavaThread "Finalizer" daemon [_thread_blocked, id=18500, stack(0x0000009f86d00000,0x0000009f86e00000)]
  0x00000263f9815800 JavaThread "Signal Dispatcher" daemon [_thread_blocked, id=24388, stack(0x0000009f86e00000,0x0000009f86f00000)]
  0x00000263f9816800 JavaThread "Attach Listener" daemon [_thread_blocked, id=4576, stack(0x0000009f86f00000,0x0000009f87000000)]
  0x00000263f9817800 JavaThread "Service Thread" daemon [_thread_blocked, id=18396, stack(0x0000009f87000000,0x0000009f87100000)]
  0x00000263f981a800 JavaThread "C2 CompilerThread0" daemon [_thread_blocked, id=9076, stack(0x0000009f87100000,0x0000009f87200000)]
  0x00000263f9826000 JavaThread "C1 CompilerThread0" daemon [_thread_blocked, id=23140, stack(0x0000009f87200000,0x0000009f87300000)]
  0x00000263f9838800 JavaThread "Sweeper thread" daemon [_thread_blocked, id=1200, stack(0x0000009f87300000,0x0000009f87400000)]
  0x00000263f97a0800 JavaThread "C1 CompilerThread1" daemon [_thread_blocked, id=13496, stack(0x0000009f87400000,0x0000009f87500000)]
  0x00000263f99b7000 JavaThread "Common-Cleaner" daemon [_thread_blocked, id=23052, stack(0x0000009f87600000,0x0000009f87700000)]
  0x00000263a6f84800 JavaThread "C1 CompilerThread2" daemon [_thread_blocked, id=17156, stack(0x0000009f87700000,0x0000009f87800000)]

Other Threads:
  0x00000263f8f11800 VMThread "VM Thread" [stack: 0x0000009f86b00000,0x0000009f86c00000] [id=24504]
  0x00000263f99b5800 WatcherThread [stack: 0x0000009f87500000,0x0000009f87600000] [id=16576]
  0x00000263d4bf3000 GCTaskThread "GC Thread#0" [stack: 0x0000009f86600000,0x0000009f86700000] [id=1304]
  0x00000263d4c4e800 ConcurrentGCThread "G1 Main Marker" [stack: 0x0000009f86700000,0x0000009f86800000] [id=17848]
  0x00000263d4c50000 ConcurrentGCThread "G1 Conc#0" [stack: 0x0000009f86800000,0x0000009f86900000] [id=21932]
  0x00000263f8dfc800 ConcurrentGCThread "G1 Refine#0" [stack: 0x0000009f86900000,0x0000009f86a00000] [id=13628]
  0x00000263f8dfd800 ConcurrentGCThread "G1 Young RemSet Sampling" [stack: 0x0000009f86a00000,0x0000009f86b00000] [id=13944]

Threads with active compile tasks:

VM state:not at safepoint (normal execution)

VM Mutex/Monitor currently owned by a thread: None

Heap address: 0x000000070a400000, size: 3932 MB, Compressed Oops mode: Zero based, Oop shift amount: 3
Narrow klass base: 0x0000000800000000, Narrow klass shift: 0
Compressed class space size: 1073741824 Address: 0x0000000800000000

Heap:
 garbage-first heap   total 251904K, used 10240K [0x000000070a400000, 0x0000000800000000)
  region size 1024K, 12 young (12288K), 0 survivors (0K)
 Metaspace       used 10286K, capacity 10450K, committed 10624K, reserved 1058816K
  class space    used 765K, capacity 831K, committed 896K, reserved 1048576K
Heap Regions: E=young(eden), S=young(survivor), O=old, HS=humongous(starts), HC=humongous(continues), CS=collection set, F=free, A=archive, TAMS=top-at-mark-start (previous, next)
|   0|0x000000070a400000, 0x000000070a400000, 0x000000070a500000|  0%| F|  |TAMS 0x000000070a400000, 0x000000070a400000| Untracked 
|   1|0x000000070a500000, 0x000000070a500000, 0x000000070a600000|  0%| F|  |TAMS 0x000000070a500000, 0x000000070a500000| Untracked 
|   2|0x000000070a600000, 0x000000070a600000, 0x000000070a700000|  0%| F|  |TAMS 0x000000070a600000, 0x000000070a600000| Untracked 
|   3|0x000000070a700000, 0x000000070a700000, 0x000000070a800000|  0%| F|  |TAMS 0x000000070a700000, 0x000000070a700000| Untracked 
|   4|0x000000070a800000, 0x000000070a800000, 0x000000070a900000|  0%| F|  |TAMS 0x000000070a800000, 0x000000070a800000| Untracked 
|   5|0x000000070a900000, 0x000000070a900000, 0x000000070aa00000|  0%| F|  |TAMS 0x000000070a900000, 0x000000070a900000| Untracked 
|   6|0x000000070aa00000, 0x000000070aa00000, 0x000000070ab00000|  0%| F|  |TAMS 0x000000070aa00000, 0x000000070aa00000| Untracked 
|   7|0x000000070ab00000, 0x000000070ab00000, 0x000000070ac00000|  0%| F|  |TAMS 0x000000070ab00000, 0x000000070ab00000| Untracked 
|   8|0x000000070ac00000, 0x000000070ac00000, 0x000000070ad00000|  0%| F|  |TAMS 0x000000070ac00000, 0x000000070ac00000| Untracked 
|   9|0x000000070ad00000, 0x000000070ad00000, 0x000000070ae00000|  0%| F|  |TAMS 0x000000070ad00000, 0x000000070ad00000| Untracked 
|  10|0x000000070ae00000, 0x000000070ae00000, 0x000000070af00000|  0%| F|  |TAMS 0x000000070ae00000, 0x000000070ae00000| Untracked 
|  11|0x000000070af00000, 0x000000070af00000, 0x000000070b000000|  0%| F|  |TAMS 0x000000070af00000, 0x000000070af00000| Untracked 
|  12|0x000000070b000000, 0x000000070b000000, 0x000000070b100000|  0%| F|  |TAMS 0x000000070b000000, 0x000000070b000000| Untracked 
|  13|0x000000070b100000, 0x000000070b100000, 0x000000070b200000|  0%| F|  |TAMS 0x000000070b100000, 0x000000070b100000| Untracked 
|  14|0x000000070b200000, 0x000000070b200000, 0x000000070b300000|  0%| F|  |TAMS 0x000000070b200000, 0x000000070b200000| Untracked 
|  15|0x000000070b300000, 0x000000070b300000, 0x000000070b400000|  0%| F|  |TAMS 0x000000070b300000, 0x000000070b300000| Untracked 
|  16|0x000000070b400000, 0x000000070b400000, 0x000000070b500000|  0%| F|  |TAMS 0x000000070b400000, 0x000000070b400000| Untracked 
|  17|0x000000070b500000, 0x000000070b500000, 0x000000070b600000|  0%| F|  |TAMS 0x000000070b500000, 0x000000070b500000| Untracked 
|  18|0x000000070b600000, 0x000000070b600000, 0x000000070b700000|  0%| F|  |TAMS 0x000000070b600000, 0x000000070b600000| Untracked 
|  19|0x000000070b700000, 0x000000070b700000, 0x000000070b800000|  0%| F|  |TAMS 0x000000070b700000, 0x000000070b700000| Untracked 
|  20|0x000000070b800000, 0x000000070b800000, 0x000000070b900000|  0%| F|  |TAMS 0x000000070b800000, 0x000000070b800000| Untracked 
|  21|0x000000070b900000, 0x000000070b900000, 0x000000070ba00000|  0%| F|  |TAMS 0x000000070b900000, 0x000000070b900000| Untracked 
|  22|0x000000070ba00000, 0x000000070ba00000, 0x000000070bb00000|  0%| F|  |TAMS 0x000000070ba00000, 0x000000070ba00000| Untracked 
|  23|0x000000070bb00000, 0x000000070bb00000, 0x000000070bc00000|  0%| F|  |TAMS 0x000000070bb00000, 0x000000070bb00000| Untracked 
|  24|0x000000070bc00000, 0x000000070bc00000, 0x000000070bd00000|  0%| F|  |TAMS 0x000000070bc00000, 0x000000070bc00000| Untracked 
|  25|0x000000070bd00000, 0x000000070bd00000, 0x000000070be00000|  0%| F|  |TAMS 0x000000070bd00000, 0x000000070bd00000| Untracked 
|  26|0x000000070be00000, 0x000000070be00000, 0x000000070bf00000|  0%| F|  |TAMS 0x000000070be00000, 0x000000070be00000| Untracked 
|  27|0x000000070bf00000, 0x000000070bf00000, 0x000000070c000000|  0%| F|  |TAMS 0x000000070bf00000, 0x000000070bf00000| Untracked 
|  28|0x000000070c000000, 0x000000070c000000, 0x000000070c100000|  0%| F|  |TAMS 0x000000070c000000, 0x000000070c000000| Untracked 
|  29|0x000000070c100000, 0x000000070c100000, 0x000000070c200000|  0%| F|  |TAMS 0x000000070c100000, 0x000000070c100000| Untracked 
|  30|0x000000070c200000, 0x000000070c200000, 0x000000070c300000|  0%| F|  |TAMS 0x000000070c200000, 0x000000070c200000| Untracked 
|  31|0x000000070c300000, 0x000000070c300000, 0x000000070c400000|  0%| F|  |TAMS 0x000000070c300000, 0x000000070c300000| Untracked 
|  32|0x000000070c400000, 0x000000070c400000, 0x000000070c500000|  0%| F|  |TAMS 0x000000070c400000, 0x000000070c400000| Untracked 
|  33|0x000000070c500000, 0x000000070c500000, 0x000000070c600000|  0%| F|  |TAMS 0x000000070c500000, 0x000000070c500000| Untracked 
|  34|0x000000070c600000, 0x000000070c600000, 0x000000070c700000|  0%| F|  |TAMS 0x000000070c600000, 0x000000070c600000| Untracked 
|  35|0x000000070c700000, 0x000000070c700000, 0x000000070c800000|  0%| F|  |TAMS 0x000000070c700000, 0x000000070c700000| Untracked 
|  36|0x000000070c800000, 0x000000070c800000, 0x000000070c900000|  0%| F|  |TAMS 0x000000070c800000, 0x000000070c800000| Untracked 
|  37|0x000000070c900000, 0x000000070c900000, 0x000000070ca00000|  0%| F|  |TAMS 0x000000070c900000, 0x000000070c900000| Untracked 
|  38|0x000000070ca00000, 0x000000070ca00000, 0x000000070cb00000|  0%| F|  |TAMS 0x000000070ca00000, 0x000000070ca00000| Untracked 
|  39|0x000000070cb00000, 0x000000070cb00000, 0x000000070cc00000|  0%| F|  |TAMS 0x000000070cb00000, 0x000000070cb00000| Untracked 
|  40|0x000000070cc00000, 0x000000070cc00000, 0x000000070cd00000|  0%| F|  |TAMS 0x000000070cc00000, 0x000000070cc00000| Untracked 
|  41|0x000000070cd00000, 0x000000070cd00000, 0x000000070ce00000|  0%| F|  |TAMS 0x000000070cd00000, 0x000000070cd00000| Untracked 
|  42|0x000000070ce00000, 0x000000070ce00000, 0x000000070cf00000|  0%| F|  |TAMS 0x000000070ce00000, 0x000000070ce00000| Untracked 
|  43|0x000000070cf00000, 0x000000070cf00000, 0x000000070d000000|  0%| F|  |TAMS 0x000000070cf00000, 0x000000070cf00000| Untracked 
|  44|0x000000070d000000, 0x000000070d000000, 0x000000070d100000|  0%| F|  |TAMS 0x000000070d000000, 0x000000070d000000| Untracked 
|  45|0x000000070d100000, 0x000000070d100000, 0x000000070d200000|  0%| F|  |TAMS 0x000000070d100000, 0x000000070d100000| Untracked 
|  46|0x000000070d200000, 0x000000070d200000, 0x000000070d300000|  0%| F|  |TAMS 0x000000070d200000, 0x000000070d200000| Untracked 
|  47|0x000000070d300000, 0x000000070d300000, 0x000000070d400000|  0%| F|  |TAMS 0x000000070d300000, 0x000000070d300000| Untracked 
|  48|0x000000070d400000, 0x000000070d400000, 0x000000070d500000|  0%| F|  |TAMS 0x000000070d400000, 0x000000070d400000| Untracked 
|  49|0x000000070d500000, 0x000000070d500000, 0x000000070d600000|  0%| F|  |TAMS 0x000000070d500000, 0x000000070d500000| Untracked 
|  50|0x000000070d600000, 0x000000070d600000, 0x000000070d700000|  0%| F|  |TAMS 0x000000070d600000, 0x000000070d600000| Untracked 
|  51|0x000000070d700000, 0x000000070d700000, 0x000000070d800000|  0%| F|  |TAMS 0x000000070d700000, 0x000000070d700000| Untracked 
|  52|0x000000070d800000, 0x000000070d800000, 0x000000070d900000|  0%| F|  |TAMS 0x000000070d800000, 0x000000070d800000| Untracked 
|  53|0x000000070d900000, 0x000000070d900000, 0x000000070da00000|  0%| F|  |TAMS 0x000000070d900000, 0x000000070d900000| Untracked 
|  54|0x000000070da00000, 0x000000070da00000, 0x000000070db00000|  0%| F|  |TAMS 0x000000070da00000, 0x000000070da00000| Untracked 
|  55|0x000000070db00000, 0x000000070db00000, 0x000000070dc00000|  0%| F|  |TAMS 0x000000070db00000, 0x000000070db00000| Untracked 
|  56|0x000000070dc00000, 0x000000070dc00000, 0x000000070dd00000|  0%| F|  |TAMS 0x000000070dc00000, 0x000000070dc00000| Untracked 
|  57|0x000000070dd00000, 0x000000070dd00000, 0x000000070de00000|  0%| F|  |TAMS 0x000000070dd00000, 0x000000070dd00000| Untracked 
|  58|0x000000070de00000, 0x000000070de00000, 0x000000070df00000|  0%| F|  |TAMS 0x000000070de00000, 0x000000070de00000| Untracked 
|  59|0x000000070df00000, 0x000000070df00000, 0x000000070e000000|  0%| F|  |TAMS 0x000000070df00000, 0x000000070df00000| Untracked 
|  60|0x000000070e000000, 0x000000070e000000, 0x000000070e100000|  0%| F|  |TAMS 0x000000070e000000, 0x000000070e000000| Untracked 
|  61|0x000000070e100000, 0x000000070e100000, 0x000000070e200000|  0%| F|  |TAMS 0x000000070e100000, 0x000000070e100000| Untracked 
|  62|0x000000070e200000, 0x000000070e200000, 0x000000070e300000|  0%| F|  |TAMS 0x000000070e200000, 0x000000070e200000| Untracked 
|  63|0x000000070e300000, 0x000000070e300000, 0x000000070e400000|  0%| F|  |TAMS 0x000000070e300000, 0x000000070e300000| Untracked 
|  64|0x000000070e400000, 0x000000070e400000, 0x000000070e500000|  0%| F|  |TAMS 0x000000070e400000, 0x000000070e400000| Untracked 
|  65|0x000000070e500000, 0x000000070e500000, 0x000000070e600000|  0%| F|  |TAMS 0x000000070e500000, 0x000000070e500000| Untracked 
|  66|0x000000070e600000, 0x000000070e600000, 0x000000070e700000|  0%| F|  |TAMS 0x000000070e600000, 0x000000070e600000| Untracked 
|  67|0x000000070e700000, 0x000000070e700000, 0x000000070e800000|  0%| F|  |TAMS 0x000000070e700000, 0x000000070e700000| Untracked 
|  68|0x000000070e800000, 0x000000070e800000, 0x000000070e900000|  0%| F|  |TAMS 0x000000070e800000, 0x000000070e800000| Untracked 
|  69|0x000000070e900000, 0x000000070e900000, 0x000000070ea00000|  0%| F|  |TAMS 0x000000070e900000, 0x000000070e900000| Untracked 
|  70|0x000000070ea00000, 0x000000070ea00000, 0x000000070eb00000|  0%| F|  |TAMS 0x000000070ea00000, 0x000000070ea00000| Untracked 
|  71|0x000000070eb00000, 0x000000070eb00000, 0x000000070ec00000|  0%| F|  |TAMS 0x000000070eb00000, 0x000000070eb00000| Untracked 
|  72|0x000000070ec00000, 0x000000070ec00000, 0x000000070ed00000|  0%| F|  |TAMS 0x000000070ec00000, 0x000000070ec00000| Untracked 
|  73|0x000000070ed00000, 0x000000070ed00000, 0x000000070ee00000|  0%| F|  |TAMS 0x000000070ed00000, 0x000000070ed00000| Untracked 
|  74|0x000000070ee00000, 0x000000070ee00000, 0x000000070ef00000|  0%| F|  |TAMS 0x000000070ee00000, 0x000000070ee00000| Untracked 
|  75|0x000000070ef00000, 0x000000070ef00000, 0x000000070f000000|  0%| F|  |TAMS 0x000000070ef00000, 0x000000070ef00000| Untracked 
|  76|0x000000070f000000, 0x000000070f000000, 0x000000070f100000|  0%| F|  |TAMS 0x000000070f000000, 0x000000070f000000| Untracked 
|  77|0x000000070f100000, 0x000000070f100000, 0x000000070f200000|  0%| F|  |TAMS 0x000000070f100000, 0x000000070f100000| Untracked 
|  78|0x000000070f200000, 0x000000070f200000, 0x000000070f300000|  0%| F|  |TAMS 0x000000070f200000, 0x000000070f200000| Untracked 
|  79|0x000000070f300000, 0x000000070f300000, 0x000000070f400000|  0%| F|  |TAMS 0x000000070f300000, 0x000000070f300000| Untracked 
|  80|0x000000070f400000, 0x000000070f400000, 0x000000070f500000|  0%| F|  |TAMS 0x000000070f400000, 0x000000070f400000| Untracked 
|  81|0x000000070f500000, 0x000000070f500000, 0x000000070f600000|  0%| F|  |TAMS 0x000000070f500000, 0x000000070f500000| Untracked 
|  82|0x000000070f600000, 0x000000070f600000, 0x000000070f700000|  0%| F|  |TAMS 0x000000070f600000, 0x000000070f600000| Untracked 
|  83|0x000000070f700000, 0x000000070f700000, 0x000000070f800000|  0%| F|  |TAMS 0x000000070f700000, 0x000000070f700000| Untracked 
|  84|0x000000070f800000, 0x000000070f800000, 0x000000070f900000|  0%| F|  |TAMS 0x000000070f800000, 0x000000070f800000| Untracked 
|  85|0x000000070f900000, 0x000000070f900000, 0x000000070fa00000|  0%| F|  |TAMS 0x000000070f900000, 0x000000070f900000| Untracked 
|  86|0x000000070fa00000, 0x000000070fa00000, 0x000000070fb00000|  0%| F|  |TAMS 0x000000070fa00000, 0x000000070fa00000| Untracked 
|  87|0x000000070fb00000, 0x000000070fb00000, 0x000000070fc00000|  0%| F|  |TAMS 0x000000070fb00000, 0x000000070fb00000| Untracked 
|  88|0x000000070fc00000, 0x000000070fc00000, 0x000000070fd00000|  0%| F|  |TAMS 0x000000070fc00000, 0x000000070fc00000| Untracked 
|  89|0x000000070fd00000, 0x000000070fd00000, 0x000000070fe00000|  0%| F|  |TAMS 0x000000070fd00000, 0x000000070fd00000| Untracked 
|  90|0x000000070fe00000, 0x000000070fe00000, 0x000000070ff00000|  0%| F|  |TAMS 0x000000070fe00000, 0x000000070fe00000| Untracked 
|  91|0x000000070ff00000, 0x000000070ff00000, 0x0000000710000000|  0%| F|  |TAMS 0x000000070ff00000, 0x000000070ff00000| Untracked 
|  92|0x0000000710000000, 0x0000000710000000, 0x0000000710100000|  0%| F|  |TAMS 0x0000000710000000, 0x0000000710000000| Untracked 
|  93|0x0000000710100000, 0x0000000710100000, 0x0000000710200000|  0%| F|  |TAMS 0x0000000710100000, 0x0000000710100000| Untracked 
|  94|0x0000000710200000, 0x0000000710200000, 0x0000000710300000|  0%| F|  |TAMS 0x0000000710200000, 0x0000000710200000| Untracked 
|  95|0x0000000710300000, 0x0000000710300000, 0x0000000710400000|  0%| F|  |TAMS 0x0000000710300000, 0x0000000710300000| Untracked 
|  96|0x0000000710400000, 0x0000000710400000, 0x0000000710500000|  0%| F|  |TAMS 0x0000000710400000, 0x0000000710400000| Untracked 
|  97|0x0000000710500000, 0x0000000710500000, 0x0000000710600000|  0%| F|  |TAMS 0x0000000710500000, 0x0000000710500000| Untracked 
|  98|0x0000000710600000, 0x0000000710600000, 0x0000000710700000|  0%| F|  |TAMS 0x0000000710600000, 0x0000000710600000| Untracked 
|  99|0x0000000710700000, 0x0000000710700000, 0x0000000710800000|  0%| F|  |TAMS 0x0000000710700000, 0x0000000710700000| Untracked 
| 100|0x0000000710800000, 0x0000000710800000, 0x0000000710900000|  0%| F|  |TAMS 0x0000000710800000, 0x0000000710800000| Untracked 
| 101|0x0000000710900000, 0x0000000710900000, 0x0000000710a00000|  0%| F|  |TAMS 0x0000000710900000, 0x0000000710900000| Untracked 
| 102|0x0000000710a00000, 0x0000000710a00000, 0x0000000710b00000|  0%| F|  |TAMS 0x0000000710a00000, 0x0000000710a00000| Untracked 
| 103|0x0000000710b00000, 0x0000000710b00000, 0x0000000710c00000|  0%| F|  |TAMS 0x0000000710b00000, 0x0000000710b00000| Untracked 
| 104|0x0000000710c00000, 0x0000000710c00000, 0x0000000710d00000|  0%| F|  |TAMS 0x0000000710c00000, 0x0000000710c00000| Untracked 
| 105|0x0000000710d00000, 0x0000000710d00000, 0x0000000710e00000|  0%| F|  |TAMS 0x0000000710d00000, 0x0000000710d00000| Untracked 
| 106|0x0000000710e00000, 0x0000000710e00000, 0x0000000710f00000|  0%| F|  |TAMS 0x0000000710e00000, 0x0000000710e00000| Untracked 
| 107|0x0000000710f00000, 0x0000000710f00000, 0x0000000711000000|  0%| F|  |TAMS 0x0000000710f00000, 0x0000000710f00000| Untracked 
| 108|0x0000000711000000, 0x0000000711000000, 0x0000000711100000|  0%| F|  |TAMS 0x0000000711000000, 0x0000000711000000| Untracked 
| 109|0x0000000711100000, 0x0000000711100000, 0x0000000711200000|  0%| F|  |TAMS 0x0000000711100000, 0x0000000711100000| Untracked 
| 110|0x0000000711200000, 0x0000000711200000, 0x0000000711300000|  0%| F|  |TAMS 0x0000000711200000, 0x0000000711200000| Untracked 
| 111|0x0000000711300000, 0x0000000711300000, 0x0000000711400000|  0%| F|  |TAMS 0x0000000711300000, 0x0000000711300000| Untracked 
| 112|0x0000000711400000, 0x0000000711400000, 0x0000000711500000|  0%| F|  |TAMS 0x0000000711400000, 0x0000000711400000| Untracked 
| 113|0x0000000711500000, 0x0000000711500000, 0x0000000711600000|  0%| F|  |TAMS 0x0000000711500000, 0x0000000711500000| Untracked 
| 114|0x0000000711600000, 0x0000000711600000, 0x0000000711700000|  0%| F|  |TAMS 0x0000000711600000, 0x0000000711600000| Untracked 
| 115|0x0000000711700000, 0x0000000711700000, 0x0000000711800000|  0%| F|  |TAMS 0x0000000711700000, 0x0000000711700000| Untracked 
| 116|0x0000000711800000, 0x0000000711800000, 0x0000000711900000|  0%| F|  |TAMS 0x0000000711800000, 0x0000000711800000| Untracked 
| 117|0x0000000711900000, 0x0000000711900000, 0x0000000711a00000|  0%| F|  |TAMS 0x0000000711900000, 0x0000000711900000| Untracked 
| 118|0x0000000711a00000, 0x0000000711a00000, 0x0000000711b00000|  0%| F|  |TAMS 0x0000000711a00000, 0x0000000711a00000| Untracked 
| 119|0x0000000711b00000, 0x0000000711b00000, 0x0000000711c00000|  0%| F|  |TAMS 0x0000000711b00000, 0x0000000711b00000| Untracked 
| 120|0x0000000711c00000, 0x0000000711c00000, 0x0000000711d00000|  0%| F|  |TAMS 0x0000000711c00000, 0x0000000711c00000| Untracked 
| 121|0x0000000711d00000, 0x0000000711d00000, 0x0000000711e00000|  0%| F|  |TAMS 0x0000000711d00000, 0x0000000711d00000| Untracked 
| 122|0x0000000711e00000, 0x0000000711e00000, 0x0000000711f00000|  0%| F|  |TAMS 0x0000000711e00000, 0x0000000711e00000| Untracked 
| 123|0x0000000711f00000, 0x0000000711f00000, 0x0000000712000000|  0%| F|  |TAMS 0x0000000711f00000, 0x0000000711f00000| Untracked 
| 124|0x0000000712000000, 0x0000000712000000, 0x0000000712100000|  0%| F|  |TAMS 0x0000000712000000, 0x0000000712000000| Untracked 
| 125|0x0000000712100000, 0x0000000712100000, 0x0000000712200000|  0%| F|  |TAMS 0x0000000712100000, 0x0000000712100000| Untracked 
| 126|0x0000000712200000, 0x0000000712200000, 0x0000000712300000|  0%| F|  |TAMS 0x0000000712200000, 0x0000000712200000| Untracked 
| 127|0x0000000712300000, 0x0000000712300000, 0x0000000712400000|  0%| F|  |TAMS 0x0000000712300000, 0x0000000712300000| Untracked 
| 128|0x0000000712400000, 0x0000000712400000, 0x0000000712500000|  0%| F|  |TAMS 0x0000000712400000, 0x0000000712400000| Untracked 
| 129|0x0000000712500000, 0x0000000712500000, 0x0000000712600000|  0%| F|  |TAMS 0x0000000712500000, 0x0000000712500000| Untracked 
| 130|0x0000000712600000, 0x0000000712600000, 0x0000000712700000|  0%| F|  |TAMS 0x0000000712600000, 0x0000000712600000| Untracked 
| 131|0x0000000712700000, 0x0000000712700000, 0x0000000712800000|  0%| F|  |TAMS 0x0000000712700000, 0x0000000712700000| Untracked 
| 132|0x0000000712800000, 0x0000000712800000, 0x0000000712900000|  0%| F|  |TAMS 0x0000000712800000, 0x0000000712800000| Untracked 
| 133|0x0000000712900000, 0x0000000712900000, 0x0000000712a00000|  0%| F|  |TAMS 0x0000000712900000, 0x0000000712900000| Untracked 
| 134|0x0000000712a00000, 0x0000000712a00000, 0x0000000712b00000|  0%| F|  |TAMS 0x0000000712a00000, 0x0000000712a00000| Untracked 
| 135|0x0000000712b00000, 0x0000000712b00000, 0x0000000712c00000|  0%| F|  |TAMS 0x0000000712b00000, 0x0000000712b00000| Untracked 
| 136|0x0000000712c00000, 0x0000000712c00000, 0x0000000712d00000|  0%| F|  |TAMS 0x0000000712c00000, 0x0000000712c00000| Untracked 
| 137|0x0000000712d00000, 0x0000000712d00000, 0x0000000712e00000|  0%| F|  |TAMS 0x0000000712d00000, 0x0000000712d00000| Untracked 
| 138|0x0000000712e00000, 0x0000000712e00000, 0x0000000712f00000|  0%| F|  |TAMS 0x0000000712e00000, 0x0000000712e00000| Untracked 
| 139|0x0000000712f00000, 0x0000000712f00000, 0x0000000713000000|  0%| F|  |TAMS 0x0000000712f00000, 0x0000000712f00000| Untracked 
| 140|0x0000000713000000, 0x0000000713000000, 0x0000000713100000|  0%| F|  |TAMS 0x0000000713000000, 0x0000000713000000| Untracked 
| 141|0x0000000713100000, 0x0000000713100000, 0x0000000713200000|  0%| F|  |TAMS 0x0000000713100000, 0x0000000713100000| Untracked 
| 142|0x0000000713200000, 0x0000000713200000, 0x0000000713300000|  0%| F|  |TAMS 0x0000000713200000, 0x0000000713200000| Untracked 
| 143|0x0000000713300000, 0x0000000713300000, 0x0000000713400000|  0%| F|  |TAMS 0x0000000713300000, 0x0000000713300000| Untracked 
| 144|0x0000000713400000, 0x0000000713400000, 0x0000000713500000|  0%| F|  |TAMS 0x0000000713400000, 0x0000000713400000| Untracked 
| 145|0x0000000713500000, 0x0000000713500000, 0x0000000713600000|  0%| F|  |TAMS 0x0000000713500000, 0x0000000713500000| Untracked 
| 146|0x0000000713600000, 0x0000000713600000, 0x0000000713700000|  0%| F|  |TAMS 0x0000000713600000, 0x0000000713600000| Untracked 
| 147|0x0000000713700000, 0x0000000713700000, 0x0000000713800000|  0%| F|  |TAMS 0x0000000713700000, 0x0000000713700000| Untracked 
| 148|0x0000000713800000, 0x0000000713800000, 0x0000000713900000|  0%| F|  |TAMS 0x0000000713800000, 0x0000000713800000| Untracked 
| 149|0x0000000713900000, 0x0000000713900000, 0x0000000713a00000|  0%| F|  |TAMS 0x0000000713900000, 0x0000000713900000| Untracked 
| 150|0x0000000713a00000, 0x0000000713a00000, 0x0000000713b00000|  0%| F|  |TAMS 0x0000000713a00000, 0x0000000713a00000| Untracked 
| 151|0x0000000713b00000, 0x0000000713b00000, 0x0000000713c00000|  0%| F|  |TAMS 0x0000000713b00000, 0x0000000713b00000| Untracked 
| 152|0x0000000713c00000, 0x0000000713c00000, 0x0000000713d00000|  0%| F|  |TAMS 0x0000000713c00000, 0x0000000713c00000| Untracked 
| 153|0x0000000713d00000, 0x0000000713d00000, 0x0000000713e00000|  0%| F|  |TAMS 0x0000000713d00000, 0x0000000713d00000| Untracked 
| 154|0x0000000713e00000, 0x0000000713e00000, 0x0000000713f00000|  0%| F|  |TAMS 0x0000000713e00000, 0x0000000713e00000| Untracked 
| 155|0x0000000713f00000, 0x0000000713f00000, 0x0000000714000000|  0%| F|  |TAMS 0x0000000713f00000, 0x0000000713f00000| Untracked 
| 156|0x0000000714000000, 0x0000000714000000, 0x0000000714100000|  0%| F|  |TAMS 0x0000000714000000, 0x0000000714000000| Untracked 
| 157|0x0000000714100000, 0x0000000714100000, 0x0000000714200000|  0%| F|  |TAMS 0x0000000714100000, 0x0000000714100000| Untracked 
| 158|0x0000000714200000, 0x0000000714200000, 0x0000000714300000|  0%| F|  |TAMS 0x0000000714200000, 0x0000000714200000| Untracked 
| 159|0x0000000714300000, 0x0000000714300000, 0x0000000714400000|  0%| F|  |TAMS 0x0000000714300000, 0x0000000714300000| Untracked 
| 160|0x0000000714400000, 0x0000000714400000, 0x0000000714500000|  0%| F|  |TAMS 0x0000000714400000, 0x0000000714400000| Untracked 
| 161|0x0000000714500000, 0x0000000714500000, 0x0000000714600000|  0%| F|  |TAMS 0x0000000714500000, 0x0000000714500000| Untracked 
| 162|0x0000000714600000, 0x0000000714600000, 0x0000000714700000|  0%| F|  |TAMS 0x0000000714600000, 0x0000000714600000| Untracked 
| 163|0x0000000714700000, 0x0000000714700000, 0x0000000714800000|  0%| F|  |TAMS 0x0000000714700000, 0x0000000714700000| Untracked 
| 164|0x0000000714800000, 0x0000000714800000, 0x0000000714900000|  0%| F|  |TAMS 0x0000000714800000, 0x0000000714800000| Untracked 
| 165|0x0000000714900000, 0x0000000714900000, 0x0000000714a00000|  0%| F|  |TAMS 0x0000000714900000, 0x0000000714900000| Untracked 
| 166|0x0000000714a00000, 0x0000000714a00000, 0x0000000714b00000|  0%| F|  |TAMS 0x0000000714a00000, 0x0000000714a00000| Untracked 
| 167|0x0000000714b00000, 0x0000000714b00000, 0x0000000714c00000|  0%| F|  |TAMS 0x0000000714b00000, 0x0000000714b00000| Untracked 
| 168|0x0000000714c00000, 0x0000000714c00000, 0x0000000714d00000|  0%| F|  |TAMS 0x0000000714c00000, 0x0000000714c00000| Untracked 
| 169|0x0000000714d00000, 0x0000000714d00000, 0x0000000714e00000|  0%| F|  |TAMS 0x0000000714d00000, 0x0000000714d00000| Untracked 
| 170|0x0000000714e00000, 0x0000000714e00000, 0x0000000714f00000|  0%| F|  |TAMS 0x0000000714e00000, 0x0000000714e00000| Untracked 
| 171|0x0000000714f00000, 0x0000000714f00000, 0x0000000715000000|  0%| F|  |TAMS 0x0000000714f00000, 0x0000000714f00000| Untracked 
| 172|0x0000000715000000, 0x0000000715000000, 0x0000000715100000|  0%| F|  |TAMS 0x0000000715000000, 0x0000000715000000| Untracked 
| 173|0x0000000715100000, 0x0000000715100000, 0x0000000715200000|  0%| F|  |TAMS 0x0000000715100000, 0x0000000715100000| Untracked 
| 174|0x0000000715200000, 0x0000000715200000, 0x0000000715300000|  0%| F|  |TAMS 0x0000000715200000, 0x0000000715200000| Untracked 
| 175|0x0000000715300000, 0x0000000715300000, 0x0000000715400000|  0%| F|  |TAMS 0x0000000715300000, 0x0000000715300000| Untracked 
| 176|0x0000000715400000, 0x0000000715400000, 0x0000000715500000|  0%| F|  |TAMS 0x0000000715400000, 0x0000000715400000| Untracked 
| 177|0x0000000715500000, 0x0000000715500000, 0x0000000715600000|  0%| F|  |TAMS 0x0000000715500000, 0x0000000715500000| Untracked 
| 178|0x0000000715600000, 0x0000000715600000, 0x0000000715700000|  0%| F|  |TAMS 0x0000000715600000, 0x0000000715600000| Untracked 
| 179|0x0000000715700000, 0x0000000715700000, 0x0000000715800000|  0%| F|  |TAMS 0x0000000715700000, 0x0000000715700000| Untracked 
| 180|0x0000000715800000, 0x0000000715800000, 0x0000000715900000|  0%| F|  |TAMS 0x0000000715800000, 0x0000000715800000| Untracked 
| 181|0x0000000715900000, 0x0000000715900000, 0x0000000715a00000|  0%| F|  |TAMS 0x0000000715900000, 0x0000000715900000| Untracked 
| 182|0x0000000715a00000, 0x0000000715a00000, 0x0000000715b00000|  0%| F|  |TAMS 0x0000000715a00000, 0x0000000715a00000| Untracked 
| 183|0x0000000715b00000, 0x0000000715b00000, 0x0000000715c00000|  0%| F|  |TAMS 0x0000000715b00000, 0x0000000715b00000| Untracked 
| 184|0x0000000715c00000, 0x0000000715c00000, 0x0000000715d00000|  0%| F|  |TAMS 0x0000000715c00000, 0x0000000715c00000| Untracked 
| 185|0x0000000715d00000, 0x0000000715d00000, 0x0000000715e00000|  0%| F|  |TAMS 0x0000000715d00000, 0x0000000715d00000| Untracked 
| 186|0x0000000715e00000, 0x0000000715e00000, 0x0000000715f00000|  0%| F|  |TAMS 0x0000000715e00000, 0x0000000715e00000| Untracked 
| 187|0x0000000715f00000, 0x0000000715f00000, 0x0000000716000000|  0%| F|  |TAMS 0x0000000715f00000, 0x0000000715f00000| Untracked 
| 188|0x0000000716000000, 0x0000000716000000, 0x0000000716100000|  0%| F|  |TAMS 0x0000000716000000, 0x0000000716000000| Untracked 
| 189|0x0000000716100000, 0x0000000716100000, 0x0000000716200000|  0%| F|  |TAMS 0x0000000716100000, 0x0000000716100000| Untracked 
| 190|0x0000000716200000, 0x0000000716200000, 0x0000000716300000|  0%| F|  |TAMS 0x0000000716200000, 0x0000000716200000| Untracked 
| 191|0x0000000716300000, 0x0000000716300000, 0x0000000716400000|  0%| F|  |TAMS 0x0000000716300000, 0x0000000716300000| Untracked 
| 192|0x0000000716400000, 0x0000000716400000, 0x0000000716500000|  0%| F|  |TAMS 0x0000000716400000, 0x0000000716400000| Untracked 
| 193|0x0000000716500000, 0x0000000716500000, 0x0000000716600000|  0%| F|  |TAMS 0x0000000716500000, 0x0000000716500000| Untracked 
| 194|0x0000000716600000, 0x0000000716600000, 0x0000000716700000|  0%| F|  |TAMS 0x0000000716600000, 0x0000000716600000| Untracked 
| 195|0x0000000716700000, 0x0000000716700000, 0x0000000716800000|  0%| F|  |TAMS 0x0000000716700000, 0x0000000716700000| Untracked 
| 196|0x0000000716800000, 0x0000000716800000, 0x0000000716900000|  0%| F|  |TAMS 0x0000000716800000, 0x0000000716800000| Untracked 
| 197|0x0000000716900000, 0x0000000716900000, 0x0000000716a00000|  0%| F|  |TAMS 0x0000000716900000, 0x0000000716900000| Untracked 
| 198|0x0000000716a00000, 0x0000000716a00000, 0x0000000716b00000|  0%| F|  |TAMS 0x0000000716a00000, 0x0000000716a00000| Untracked 
| 199|0x0000000716b00000, 0x0000000716b00000, 0x0000000716c00000|  0%| F|  |TAMS 0x0000000716b00000, 0x0000000716b00000| Untracked 
| 200|0x0000000716c00000, 0x0000000716c00000, 0x0000000716d00000|  0%| F|  |TAMS 0x0000000716c00000, 0x0000000716c00000| Untracked 
| 201|0x0000000716d00000, 0x0000000716d00000, 0x0000000716e00000|  0%| F|  |TAMS 0x0000000716d00000, 0x0000000716d00000| Untracked 
| 202|0x0000000716e00000, 0x0000000716e00000, 0x0000000716f00000|  0%| F|  |TAMS 0x0000000716e00000, 0x0000000716e00000| Untracked 
| 203|0x0000000716f00000, 0x0000000716f00000, 0x0000000717000000|  0%| F|  |TAMS 0x0000000716f00000, 0x0000000716f00000| Untracked 
| 204|0x0000000717000000, 0x0000000717000000, 0x0000000717100000|  0%| F|  |TAMS 0x0000000717000000, 0x0000000717000000| Untracked 
| 205|0x0000000717100000, 0x0000000717100000, 0x0000000717200000|  0%| F|  |TAMS 0x0000000717100000, 0x0000000717100000| Untracked 
| 206|0x0000000717200000, 0x0000000717200000, 0x0000000717300000|  0%| F|  |TAMS 0x0000000717200000, 0x0000000717200000| Untracked 
| 207|0x0000000717300000, 0x0000000717300000, 0x0000000717400000|  0%| F|  |TAMS 0x0000000717300000, 0x0000000717300000| Untracked 
| 208|0x0000000717400000, 0x0000000717400000, 0x0000000717500000|  0%| F|  |TAMS 0x0000000717400000, 0x0000000717400000| Untracked 
| 209|0x0000000717500000, 0x0000000717500000, 0x0000000717600000|  0%| F|  |TAMS 0x0000000717500000, 0x0000000717500000| Untracked 
| 210|0x0000000717600000, 0x0000000717600000, 0x0000000717700000|  0%| F|  |TAMS 0x0000000717600000, 0x0000000717600000| Untracked 
| 211|0x0000000717700000, 0x0000000717700000, 0x0000000717800000|  0%| F|  |TAMS 0x0000000717700000, 0x0000000717700000| Untracked 
| 212|0x0000000717800000, 0x0000000717800000, 0x0000000717900000|  0%| F|  |TAMS 0x0000000717800000, 0x0000000717800000| Untracked 
| 213|0x0000000717900000, 0x0000000717900000, 0x0000000717a00000|  0%| F|  |TAMS 0x0000000717900000, 0x0000000717900000| Untracked 
| 214|0x0000000717a00000, 0x0000000717a00000, 0x0000000717b00000|  0%| F|  |TAMS 0x0000000717a00000, 0x0000000717a00000| Untracked 
| 215|0x0000000717b00000, 0x0000000717b00000, 0x0000000717c00000|  0%| F|  |TAMS 0x0000000717b00000, 0x0000000717b00000| Untracked 
| 216|0x0000000717c00000, 0x0000000717c00000, 0x0000000717d00000|  0%| F|  |TAMS 0x0000000717c00000, 0x0000000717c00000| Untracked 
| 217|0x0000000717d00000, 0x0000000717d00000, 0x0000000717e00000|  0%| F|  |TAMS 0x0000000717d00000, 0x0000000717d00000| Untracked 
| 218|0x0000000717e00000, 0x0000000717e00000, 0x0000000717f00000|  0%| F|  |TAMS 0x0000000717e00000, 0x0000000717e00000| Untracked 
| 219|0x0000000717f00000, 0x0000000717f00000, 0x0000000718000000|  0%| F|  |TAMS 0x0000000717f00000, 0x0000000717f00000| Untracked 
| 220|0x0000000718000000, 0x0000000718000000, 0x0000000718100000|  0%| F|  |TAMS 0x0000000718000000, 0x0000000718000000| Untracked 
| 221|0x0000000718100000, 0x0000000718100000, 0x0000000718200000|  0%| F|  |TAMS 0x0000000718100000, 0x0000000718100000| Untracked 
| 222|0x0000000718200000, 0x0000000718200000, 0x0000000718300000|  0%| F|  |TAMS 0x0000000718200000, 0x0000000718200000| Untracked 
| 223|0x0000000718300000, 0x0000000718300000, 0x0000000718400000|  0%| F|  |TAMS 0x0000000718300000, 0x0000000718300000| Untracked 
| 224|0x0000000718400000, 0x0000000718400000, 0x0000000718500000|  0%| F|  |TAMS 0x0000000718400000, 0x0000000718400000| Untracked 
| 225|0x0000000718500000, 0x0000000718500000, 0x0000000718600000|  0%| F|  |TAMS 0x0000000718500000, 0x0000000718500000| Untracked 
| 226|0x0000000718600000, 0x0000000718600000, 0x0000000718700000|  0%| F|  |TAMS 0x0000000718600000, 0x0000000718600000| Untracked 
| 227|0x0000000718700000, 0x0000000718700000, 0x0000000718800000|  0%| F|  |TAMS 0x0000000718700000, 0x0000000718700000| Untracked 
| 228|0x0000000718800000, 0x0000000718800000, 0x0000000718900000|  0%| F|  |TAMS 0x0000000718800000, 0x0000000718800000| Untracked 
| 229|0x0000000718900000, 0x0000000718900000, 0x0000000718a00000|  0%| F|  |TAMS 0x0000000718900000, 0x0000000718900000| Untracked 
| 230|0x0000000718a00000, 0x0000000718a00000, 0x0000000718b00000|  0%| F|  |TAMS 0x0000000718a00000, 0x0000000718a00000| Untracked 
| 231|0x0000000718b00000, 0x0000000718b00000, 0x0000000718c00000|  0%| F|  |TAMS 0x0000000718b00000, 0x0000000718b00000| Untracked 
| 232|0x0000000718c00000, 0x0000000718c00000, 0x0000000718d00000|  0%| F|  |TAMS 0x0000000718c00000, 0x0000000718c00000| Untracked 
| 233|0x0000000718d00000, 0x0000000718d00000, 0x0000000718e00000|  0%| F|  |TAMS 0x0000000718d00000, 0x0000000718d00000| Untracked 
| 234|0x0000000718e00000, 0x0000000718e98d50, 0x0000000718f00000| 59%| E|  |TAMS 0x0000000718e00000, 0x0000000718e00000| Complete 
| 235|0x0000000718f00000, 0x0000000719000000, 0x0000000719000000|100%| E|CS|TAMS 0x0000000718f00000, 0x0000000718f00000| Complete 
| 236|0x0000000719000000, 0x0000000719100000, 0x0000000719100000|100%| E|CS|TAMS 0x0000000719000000, 0x0000000719000000| Complete 
| 237|0x0000000719100000, 0x0000000719200000, 0x0000000719200000|100%| E|  |TAMS 0x0000000719100000, 0x0000000719100000| Complete 
| 238|0x0000000719200000, 0x0000000719300000, 0x0000000719300000|100%| E|CS|TAMS 0x0000000719200000, 0x0000000719200000| Complete 
| 239|0x0000000719300000, 0x0000000719400000, 0x0000000719400000|100%| E|CS|TAMS 0x0000000719300000, 0x0000000719300000| Complete 
| 240|0x0000000719400000, 0x0000000719500000, 0x0000000719500000|100%| E|CS|TAMS 0x0000000719400000, 0x0000000719400000| Complete 
| 241|0x0000000719500000, 0x0000000719600000, 0x0000000719600000|100%| E|CS|TAMS 0x0000000719500000, 0x0000000719500000| Complete 
| 242|0x0000000719600000, 0x0000000719700000, 0x0000000719700000|100%| E|CS|TAMS 0x0000000719600000, 0x0000000719600000| Complete 
| 243|0x0000000719700000, 0x0000000719800000, 0x0000000719800000|100%| E|CS|TAMS 0x0000000719700000, 0x0000000719700000| Complete 
| 244|0x0000000719800000, 0x0000000719900000, 0x0000000719900000|100%| E|CS|TAMS 0x0000000719800000, 0x0000000719800000| Complete 
| 245|0x0000000719900000, 0x0000000719a00000, 0x0000000719a00000|100%| E|CS|TAMS 0x0000000719900000, 0x0000000719900000| Complete 

Card table byte_map: [0x00000263ed390000,0x00000263edb40000] _byte_map_base: 0x00000263e9b3e000

Marking Bits (Prev, Next): (CMBitMap*) 0x00000263d4c3e468, (CMBitMap*) 0x00000263d4c3e4a0
 Prev Bits: [0x00000263ee2f0000, 0x00000263f2060000)
 Next Bits: [0x00000263f2060000, 0x00000263f5dd0000)

Polling page: 0x00000263d2940000

Metaspace:

Usage:
  Non-class:      9.39 MB capacity,     9.30 MB ( 99%) used,    84.94 KB ( <1%) free+waste,    13.56 KB ( <1%) overhead. 
      Class:    831.00 KB capacity,   765.65 KB ( 92%) used,    59.16 KB (  7%) free+waste,     6.19 KB ( <1%) overhead. 
       Both:     10.21 MB capacity,    10.05 MB ( 98%) used,   144.10 KB (  1%) free+waste,    19.75 KB ( <1%) overhead. 

Virtual space:
  Non-class space:       10.00 MB reserved,       9.50 MB ( 95%) committed 
      Class space:        1.00 GB reserved,     896.00 KB ( <1%) committed 
             Both:        1.01 GB reserved,      10.38 MB (  1%) committed 

Chunk freelists:
   Non-Class:  109.00 KB
       Class:  1.00 KB
        Both:  110.00 KB

MaxMetaspaceSize: 17179869184.00 GB
CompressedClassSpaceSize: 1.00 GB
Initial GC threshold: 20.80 MB
Current GC threshold: 20.80 MB
CDS: off

CodeHeap 'non-profiled nmethods': size=119168Kb used=237Kb max_used=237Kb free=118931Kb
 bounds [0x00000263e4f00000, 0x00000263e5170000, 0x00000263ec360000]
CodeHeap 'profiled nmethods': size=119168Kb used=1355Kb max_used=1355Kb free=117813Kb
 bounds [0x00000263ddaa0000, 0x00000263ddd10000, 0x00000263e4f00000]
CodeHeap 'non-nmethods': size=7424Kb used=2727Kb max_used=2739Kb free=4696Kb
 bounds [0x00000263dd360000, 0x00000263dd610000, 0x00000263ddaa0000]
 total_blobs=1837 nmethods=835 adapters=913
 compilation: enabled
              stopped_count=0, restarted_count=0
 full_count=0

Compilation events (20 events):
Event: 0.839 Thread 0x00000263a6f84800 nmethod 824 0x00000263e4f39c90 code [0x00000263e4f39e40, 0x00000263e4f39ef8]
Event: 0.840 Thread 0x00000263f981a800 nmethod 825 0x00000263e4f39f90 code [0x00000263e4f3a120, 0x00000263e4f3a1d8]
Event: 0.983 Thread 0x00000263f9826000  826       3       java.util.concurrent.ConcurrentHashMap$Node::<init> (14 bytes)
Event: 0.983 Thread 0x00000263f9826000 nmethod 826 0x00000263ddbed010 code [0x00000263ddbed1e0, 0x00000263ddbed4d8]
Event: 0.985 Thread 0x00000263f97a0800  829       3       java.util.WeakHashMap::remove (133 bytes)
Event: 0.985 Thread 0x00000263a6f84800  827   !   3       java.util.zip.ZipFile$ZipFileInputStream::close (59 bytes)
Event: 0.985 Thread 0x00000263f9826000  828       3       java.util.Collections$SetFromMap::remove (19 bytes)
Event: 0.986 Thread 0x00000263f9826000 nmethod 828 0x00000263ddbed610 code [0x00000263ddbed7e0, 0x00000263ddbeda08]
Event: 0.986 Thread 0x00000263a6f84800 nmethod 827 0x00000263ddbedb10 code [0x00000263ddbedce0, 0x00000263ddbee128]
Event: 0.986 Thread 0x00000263f97a0800 nmethod 829 0x00000263ddbee310 code [0x00000263ddbee560, 0x00000263ddbef068]
Event: 0.988 Thread 0x00000263f9826000  831       3       java.lang.String::concat (115 bytes)
Event: 0.989 Thread 0x00000263f9826000 nmethod 831 0x00000263ddbef410 code [0x00000263ddbef6a0, 0x00000263ddbf0368]
Event: 0.991 Thread 0x00000263a6f84800  832       3       sun.net.util.URLUtil::urlNoFragString (114 bytes)
Event: 0.992 Thread 0x00000263f981a800  833       4       java.lang.AbstractStringBuilder::<init> (39 bytes)
Event: 0.992 Thread 0x00000263a6f84800 nmethod 832 0x00000263ddbf0810 code [0x00000263ddbf0b60, 0x00000263ddbf1e28]
Event: 0.993 Thread 0x00000263f981a800 nmethod 833 0x00000263e4f3a710 code [0x00000263e4f3a8a0, 0x00000263e4f3aa98]
Event: 0.995 Thread 0x00000263f981a800  834       4       java.lang.StringLatin1::indexOf (121 bytes)
Event: 0.996 Thread 0x00000263f97a0800  835   !   3       java.util.zip.Inflater::needsInput (55 bytes)
Event: 0.996 Thread 0x00000263f97a0800 nmethod 835 0x00000263ddbf2490 code [0x00000263ddbf2660, 0x00000263ddbf2af8]
Event: 1.001 Thread 0x00000263f981a800 nmethod 834 0x00000263e4f3ab90 code [0x00000263e4f3ad40, 0x00000263e4f3b1d8]

GC Heap History (0 events):
No events

Deoptimization events (20 events):
Event: 0.087 Thread 0x00000263d4bd9800 Uncommon trap: trap_request=0xffffff4d fr.pc=0x00000263e4f01894 relative=0x0000000000000074
Event: 0.087 Thread 0x00000263d4bd9800 Uncommon trap: reason=unstable_if action=reinterpret pc=0x00000263e4f01894 method=java.lang.String.isLatin1()Z @ 10 c2
Event: 0.087 Thread 0x00000263d4bd9800 DEOPT PACKING pc=0x00000263e4f01894 sp=0x0000009f865fec00
Event: 0.087 Thread 0x00000263d4bd9800 DEOPT UNPACKING pc=0x00000263dd3aa1af sp=0x0000009f865feb40 mode 2
Event: 0.089 Thread 0x00000263d4bd9800 Uncommon trap: trap_request=0xffffff4d fr.pc=0x00000263e4f0501c relative=0x000000000000017c
Event: 0.089 Thread 0x00000263d4bd9800 Uncommon trap: reason=unstable_if action=reinterpret pc=0x00000263e4f0501c method=java.lang.String.hashCode()I @ 14 c2
Event: 0.089 Thread 0x00000263d4bd9800 DEOPT PACKING pc=0x00000263e4f0501c sp=0x0000009f865fd3f0
Event: 0.089 Thread 0x00000263d4bd9800 DEOPT UNPACKING pc=0x00000263dd3aa1af sp=0x0000009f865fd388 mode 2
Event: 0.164 Thread 0x00000263d4bd9800 DEOPT PACKING pc=0x00000263ddb1d468 sp=0x0000009f865fb650
Event: 0.164 Thread 0x00000263d4bd9800 DEOPT UNPACKING pc=0x00000263dd3aa95e sp=0x0000009f865faaa8 mode 0
Event: 0.170 Thread 0x00000263d4bd9800 DEOPT PACKING pc=0x00000263ddb1f142 sp=0x0000009f865faae0
Event: 0.170 Thread 0x00000263d4bd9800 DEOPT UNPACKING pc=0x00000263dd3aa95e sp=0x0000009f865f9f48 mode 0
Event: 0.171 Thread 0x00000263d4bd9800 DEOPT PACKING pc=0x00000263ddad6fd0 sp=0x0000009f865f91b0
Event: 0.171 Thread 0x00000263d4bd9800 DEOPT UNPACKING pc=0x00000263dd3aa95e sp=0x0000009f865f8638 mode 0
Event: 0.197 Thread 0x00000263d4bd9800 Uncommon trap: trap_request=0xffffff4d fr.pc=0x00000263e4f0b500 relative=0x0000000000000060
Event: 0.197 Thread 0x00000263d4bd9800 Uncommon trap: reason=unstable_if action=reinterpret pc=0x00000263e4f0b500 method=java.io.WinNTFileSystem.isSlash(C)Z @ 9 c2
Event: 0.197 Thread 0x00000263d4bd9800 DEOPT PACKING pc=0x00000263e4f0b500 sp=0x0000009f865fb560
Event: 0.197 Thread 0x00000263d4bd9800 DEOPT UNPACKING pc=0x00000263dd3aa1af sp=0x0000009f865fb4e8 mode 2
Event: 0.995 Thread 0x00000263d4bd9800 DEOPT PACKING pc=0x00000263ddae8c7f sp=0x0000009f865fc220
Event: 0.995 Thread 0x00000263d4bd9800 DEOPT UNPACKING pc=0x00000263dd3aa95e sp=0x0000009f865fb670 mode 0

Classes redefined (0 events):
No events

Internal exceptions (20 events):
Event: 0.245 Thread 0x00000263d4bd9800 Exception <a 'java/security/PrivilegedActionException'{0x00000007193445e0}> (0x00000007193445e0) thrown at [s\src\hotspot\share\prims\jvm.cpp, line 1306]
Event: 0.245 Thread 0x00000263d4bd9800 Exception <a 'java/security/PrivilegedActionException'{0x00000007193463e8}> (0x00000007193463e8) thrown at [s\src\hotspot\share\prims\jvm.cpp, line 1306]
Event: 0.245 Thread 0x00000263d4bd9800 Exception <a 'java/security/PrivilegedActionException'{0x00000007193466b8}> (0x00000007193466b8) thrown at [s\src\hotspot\share\prims\jvm.cpp, line 1306]
Event: 0.245 Thread 0x00000263d4bd9800 Exception <a 'java/security/PrivilegedActionException'{0x00000007193484a0}> (0x00000007193484a0) thrown at [s\src\hotspot\share\prims\jvm.cpp, line 1306]
Event: 0.245 Thread 0x00000263d4bd9800 Exception <a 'java/security/PrivilegedActionException'{0x0000000719348770}> (0x0000000719348770) thrown at [s\src\hotspot\share\prims\jvm.cpp, line 1306]
Event: 0.245 Thread 0x00000263d4bd9800 Exception <a 'java/security/PrivilegedActionException'{0x000000071934a588}> (0x000000071934a588) thrown at [s\src\hotspot\share\prims\jvm.cpp, line 1306]
Event: 0.245 Thread 0x00000263d4bd9800 Exception <a 'java/security/PrivilegedActionException'{0x000000071934a858}> (0x000000071934a858) thrown at [s\src\hotspot\share\prims\jvm.cpp, line 1306]
Event: 0.245 Thread 0x00000263d4bd9800 Exception <a 'java/security/PrivilegedActionException'{0x000000071934c670}> (0x000000071934c670) thrown at [s\src\hotspot\share\prims\jvm.cpp, line 1306]
Event: 0.245 Thread 0x00000263d4bd9800 Exception <a 'java/security/PrivilegedActionException'{0x000000071934c940}> (0x000000071934c940) thrown at [s\src\hotspot\share\prims\jvm.cpp, line 1306]
Event: 0.245 Thread 0x00000263d4bd9800 Exception <a 'java/security/PrivilegedActionException'{0x000000071934e728}> (0x000000071934e728) thrown at [s\src\hotspot\share\prims\jvm.cpp, line 1306]
Event: 0.245 Thread 0x00000263d4bd9800 Exception <a 'java/security/PrivilegedActionException'{0x000000071934e9f8}> (0x000000071934e9f8) thrown at [s\src\hotspot\share\prims\jvm.cpp, line 1306]
Event: 0.262 Thread 0x00000263d4bd9800 Exception <a 'sun/nio/fs/WindowsException'{0x000000071925dab0}> (0x000000071925dab0) thrown at [s\src\hotspot\share\prims\jni.cpp, line 617]
Event: 0.262 Thread 0x00000263d4bd9800 Exception <a 'sun/nio/fs/WindowsException'{0x000000071925de08}> (0x000000071925de08) thrown at [s\src\hotspot\share\prims\jni.cpp, line 617]
Event: 0.756 Thread 0x00000263d4bd9800 Exception <a 'java/lang/NoSuchMethodError'{0x00000007192dd860}: 'void java.lang.invoke.DirectMethodHandle$Holder.invokeStaticInit(java.lang.Object, long, double, double)'> (0x00000007192dd860) thrown at [s\src\hotspot\share\interpreter\linkResolver.cpp, line 773]
Event: 0.758 Thread 0x00000263d4bd9800 Exception <a 'java/lang/NoSuchMethodError'{0x00000007192f0660}: 'void java.lang.invoke.DirectMethodHandle$Holder.invokeStaticInit(java.lang.Object, long, int, int, int)'> (0x00000007192f0660) thrown at [s\src\hotspot\share\interpreter\linkResolver.cpp, line 773]
Event: 0.761 Thread 0x00000263d4bd9800 Exception <a 'java/lang/NoSuchMethodError'{0x0000000719111900}: 'void java.lang.invoke.DirectMethodHandle$Holder.invokeStaticInit(java.lang.Object, long, int, int, int, int)'> (0x0000000719111900) thrown at [s\src\hotspot\share\interpreter\linkResolver.cpp, line 773]
Event: 0.789 Thread 0x00000263d4bd9800 Exception <a 'sun/nio/fs/WindowsException'{0x000000071915e330}> (0x000000071915e330) thrown at [s\src\hotspot\share\prims\jni.cpp, line 617]
Event: 0.789 Thread 0x00000263d4bd9800 Exception <a 'sun/nio/fs/WindowsException'{0x000000071915e6c0}> (0x000000071915e6c0) thrown at [s\src\hotspot\share\prims\jni.cpp, line 617]
Event: 0.792 Thread 0x00000263d4bd9800 Exception <a 'sun/nio/fs/WindowsException'{0x0000000719177ce0}> (0x0000000719177ce0) thrown at [s\src\hotspot\share\prims\jni.cpp, line 617]
Event: 0.792 Thread 0x00000263d4bd9800 Exception <a 'sun/nio/fs/WindowsException'{0x0000000719177fb0}> (0x0000000719177fb0) thrown at [s\src\hotspot\share\prims\jni.cpp, line 617]

Events (20 events):
Event: 0.985 loading class org/lwjgl/opengl/GL14
Event: 0.985 loading class org/lwjgl/opengl/GL14 done
Event: 0.986 loading class org/lwjgl/opengl/GL13
Event: 0.986 loading class org/lwjgl/opengl/GL13 done
Event: 0.987 loading class org/lwjgl/opengl/GL12
Event: 0.987 loading class org/lwjgl/opengl/GL12 done
Event: 0.988 loading class org/lwjgl/opengl/GL20C
Event: 0.988 loading class org/lwjgl/opengl/GL20C done
Event: 0.990 loading class org/lwjgl/opengl/GL15C
Event: 0.990 loading class org/lwjgl/opengl/GL15C done
Event: 0.991 loading class org/lwjgl/opengl/GL14C
Event: 0.991 loading class org/lwjgl/opengl/GL14C done
Event: 0.991 loading class org/lwjgl/opengl/GL13C
Event: 0.991 loading class org/lwjgl/opengl/GL13C done
Event: 0.992 loading class org/lwjgl/opengl/GL12C
Event: 0.992 loading class org/lwjgl/opengl/GL12C done
Event: 0.994 loading class org/lwjgl/opengl/GL30C
Event: 0.994 loading class org/lwjgl/opengl/GL30C done
Event: 0.995 loading class org/lwjgl/opengl/GL21C
Event: 0.995 loading class org/lwjgl/opengl/GL21C done


Dynamic libraries:
0x00007ff785b60000 - 0x00007ff785b6e000 	C:\Users\Zoki\.jdks\corretto-11.0.21\bin\java.exe
0x00007ff867950000 - 0x00007ff867b67000 	C:\WINDOWS\SYSTEM32\ntdll.dll
0x00007ff865d00000 - 0x00007ff865dc4000 	C:\WINDOWS\System32\KERNEL32.DLL
0x00007ff8651b0000 - 0x00007ff86555d000 	C:\WINDOWS\System32\KERNELBASE.dll
0x00007ff864ca0000 - 0x00007ff864db1000 	C:\WINDOWS\System32\ucrtbase.dll
0x00007ff84c7d0000 - 0x00007ff84c7eb000 	C:\Users\Zoki\.jdks\corretto-11.0.21\bin\VCRUNTIME140.dll
0x00007ff84c7f0000 - 0x00007ff84c807000 	C:\Users\Zoki\.jdks\corretto-11.0.21\bin\jli.dll
0x00007ff8656e0000 - 0x00007ff86588e000 	C:\WINDOWS\System32\USER32.dll
0x00007ff8538d0000 - 0x00007ff853b63000 	C:\WINDOWS\WinSxS\amd64_microsoft.windows.common-controls_6595b64144ccf1df_6.0.22621.3672_none_2713b9d173822955\COMCTL32.dll
0x00007ff864dc0000 - 0x00007ff864de6000 	C:\WINDOWS\System32\win32u.dll
0x00007ff867160000 - 0x00007ff867207000 	C:\WINDOWS\System32\msvcrt.dll
0x00007ff866740000 - 0x00007ff866769000 	C:\WINDOWS\System32\GDI32.dll
0x00007ff865560000 - 0x00007ff865679000 	C:\WINDOWS\System32\gdi32full.dll
0x00007ff864e60000 - 0x00007ff864efa000 	C:\WINDOWS\System32\msvcp_win.dll
0x00007ff867440000 - 0x00007ff867471000 	C:\WINDOWS\System32\IMM32.DLL
0x00007ff84ecc0000 - 0x00007ff84eccc000 	C:\Users\Zoki\.jdks\corretto-11.0.21\bin\vcruntime140_1.dll
0x00007ff818ed0000 - 0x00007ff818f5d000 	C:\Users\Zoki\.jdks\corretto-11.0.21\bin\msvcp140.dll
0x00007fffbb0d0000 - 0x00007fffbbc93000 	C:\Users\Zoki\.jdks\corretto-11.0.21\bin\server\jvm.dll
0x00007ff867270000 - 0x00007ff867322000 	C:\WINDOWS\System32\ADVAPI32.dll
0x00007ff867330000 - 0x00007ff8673d9000 	C:\WINDOWS\System32\sechost.dll
0x00007ff864c70000 - 0x00007ff864c98000 	C:\WINDOWS\System32\bcrypt.dll
0x00007ff8675c0000 - 0x00007ff8676d4000 	C:\WINDOWS\System32\RPCRT4.dll
0x00007ff867480000 - 0x00007ff867488000 	C:\WINDOWS\System32\PSAPI.DLL
0x00007ff85d7c0000 - 0x00007ff85d7c9000 	C:\WINDOWS\SYSTEM32\WSOCK32.dll
0x00007ff85ba10000 - 0x00007ff85ba1a000 	C:\WINDOWS\SYSTEM32\VERSION.dll
0x00007ff85fc20000 - 0x00007ff85fc54000 	C:\WINDOWS\SYSTEM32\WINMM.dll
0x00007ff8676e0000 - 0x00007ff867751000 	C:\WINDOWS\System32\WS2_32.dll
0x00007ff863db0000 - 0x00007ff863dc8000 	C:\WINDOWS\SYSTEM32\kernel.appcore.dll
0x00007ff84ead0000 - 0x00007ff84eae0000 	C:\Users\Zoki\.jdks\corretto-11.0.21\bin\verify.dll
0x00007ff862150000 - 0x00007ff862382000 	C:\WINDOWS\SYSTEM32\DBGHELP.DLL
0x00007ff865970000 - 0x00007ff865cfe000 	C:\WINDOWS\System32\combase.dll
0x00007ff865890000 - 0x00007ff865967000 	C:\WINDOWS\System32\OLEAUT32.dll
0x00007ff85aea0000 - 0x00007ff85aed2000 	C:\WINDOWS\SYSTEM32\dbgcore.DLL
0x00007ff864f00000 - 0x00007ff864f7b000 	C:\WINDOWS\System32\bcryptPrimitives.dll
0x00007ff82d680000 - 0x00007ff82d6a8000 	C:\Users\Zoki\.jdks\corretto-11.0.21\bin\java.dll
0x00007ff84e5f0000 - 0x00007ff84e5fa000 	C:\Users\Zoki\.jdks\corretto-11.0.21\bin\jimage.dll
0x00007ff84aeb0000 - 0x00007ff84aec8000 	C:\Users\Zoki\.jdks\corretto-11.0.21\bin\zip.dll
0x00007ff865dd0000 - 0x00007ff866637000 	C:\WINDOWS\System32\SHELL32.dll
0x00007ff862c00000 - 0x00007ff8634ff000 	C:\WINDOWS\SYSTEM32\windows.storage.dll
0x00007ff862ac0000 - 0x00007ff862bff000 	C:\WINDOWS\SYSTEM32\wintypes.dll
0x00007ff866640000 - 0x00007ff866739000 	C:\WINDOWS\System32\SHCORE.dll
0x00007ff867210000 - 0x00007ff86726e000 	C:\WINDOWS\System32\shlwapi.dll
0x00007ff864ba0000 - 0x00007ff864bc7000 	C:\WINDOWS\SYSTEM32\profapi.dll
0x00007ff85dc60000 - 0x00007ff85dc79000 	C:\Users\Zoki\.jdks\corretto-11.0.21\bin\net.dll
0x00007ff861230000 - 0x00007ff861366000 	C:\WINDOWS\SYSTEM32\WINHTTP.dll
0x00007ff864220000 - 0x00007ff864289000 	C:\WINDOWS\system32\mswsock.dll
0x00007ff85dc00000 - 0x00007ff85dc12000 	C:\Users\Zoki\.jdks\corretto-11.0.21\bin\nio.dll
0x00007ff853000000 - 0x00007ff85307b000 	C:\Users\Zoki\AppData\Local\Temp\lwjgl_Zoki\3.3.4+7\x64\lwjgl.dll
0x00007ff852ec0000 - 0x00007ff852f45000 	C:\Users\Zoki\AppData\Local\Temp\lwjgl_Zoki\3.3.4+7\x64\glfw.dll
0x00007ff84de40000 - 0x00007ff84de86000 	C:\WINDOWS\SYSTEM32\dinput8.dll
0x00007ff8570e0000 - 0x00007ff8570f1000 	C:\WINDOWS\SYSTEM32\xinput1_4.dll
0x00007ff864940000 - 0x00007ff86498e000 	C:\WINDOWS\SYSTEM32\cfgmgr32.dll
0x00007ff864910000 - 0x00007ff86493c000 	C:\WINDOWS\SYSTEM32\DEVOBJ.dll
0x00007ff861e90000 - 0x00007ff861ebb000 	C:\WINDOWS\SYSTEM32\dwmapi.dll
0x00007ff8505d0000 - 0x00007ff8507e3000 	C:\WINDOWS\SYSTEM32\inputhost.dll
0x00007ff85f330000 - 0x00007ff85f463000 	C:\WINDOWS\SYSTEM32\CoreMessaging.dll
0x00007ff861c00000 - 0x00007ff861cb1000 	C:\WINDOWS\system32\uxtheme.dll
0x0000000180000000 - 0x000000018326a000 	C:\Program Files (x86)\RivaTuner Statistics Server\RTSSHooks64.dll
0x00007ff866c30000 - 0x00007ff8670a4000 	C:\WINDOWS\System32\SETUPAPI.dll
0x00007ff864470000 - 0x00007ff86447c000 	C:\WINDOWS\SYSTEM32\CRYPTBASE.DLL
0x00007ff82b280000 - 0x00007ff82b3b1000 	C:\ProgramData\A-Volute\DellInc.AlienwareSoundCenter\Modules\ScheduledModules\x64\AudioDevProps2.dll
0x00007ff867760000 - 0x00007ff867905000 	C:\WINDOWS\System32\ole32.dll
0x00007ff830890000 - 0x00007ff83093e000 	C:\ProgramData\A-Volute\DellInc.AlienwareSoundCenter\Modules\ScheduledModules\x64\NahimicOSD.dll
0x00007ff830950000 - 0x00007ff830971000 	C:\ProgramData\A-Volute\DellInc.AlienwareSoundCenter\Modules\ScheduledModules\x64\ProductInfo.dll
0x0000000076260000 - 0x0000000076388000 	C:\Program Files (x86)\Common Files\Keyman\Keyman Engine\keyman64.dll
0x00007ff866930000 - 0x00007ff866a8e000 	C:\WINDOWS\System32\MSCTF.dll
0x00007ff81e5a0000 - 0x00007ff81e6a0000 	C:\WINDOWS\SYSTEM32\opengl32.dll
0x00007ff84e7e0000 - 0x00007ff84e80d000 	C:\WINDOWS\SYSTEM32\GLU32.dll
0x00007ff8623f0000 - 0x00007ff862427000 	C:\WINDOWS\SYSTEM32\dxcore.dll
0x00007ff85d5d0000 - 0x00007ff85d619000 	C:\WINDOWS\SYSTEM32\directxdatabasehelper.dll
0x00007ff8670b0000 - 0x00007ff867160000 	C:\WINDOWS\System32\clbcatq.dll
0x00007ff856920000 - 0x00007ff85694e000 	C:\WINDOWS\System32\DriverStore\FileRepository\u0401435.inf_amd64_fb057d2d9070dc98\B399655\atig6pxx.dll
0x00007fffb6bf0000 - 0x00007fffbb0cf000 	C:\WINDOWS\System32\DriverStore\FileRepository\u0401435.inf_amd64_fb057d2d9070dc98\B399655\atio6axx.dll
0x00007ff8571b0000 - 0x00007ff8571e5000 	C:\WINDOWS\SYSTEM32\amdihk64.dll
0x00007ff864df0000 - 0x00007ff864e5b000 	C:\WINDOWS\System32\WINTRUST.dll
0x00000263fbf10000 - 0x00000263fc076000 	C:\WINDOWS\System32\CRYPT32.dll
0x00007ff8649c0000 - 0x00007ff8649d2000 	C:\WINDOWS\SYSTEM32\MSASN1.dll
0x00007ff861d80000 - 0x00007ff861e77000 	C:\WINDOWS\system32\dxgi.dll
0x00007ff852fd0000 - 0x00007ff852ff6000 	C:\WINDOWS\system32\d3d12.dll
0x00007fffb2610000 - 0x00007fffb6bea000 	C:\WINDOWS\System32\DriverStore\FileRepository\u0401435.inf_amd64_fb057d2d9070dc98\B399655\amdxc64.dll
0x00007ff82c3b0000 - 0x00007ff82c5b2000 	C:\WINDOWS\system32\D3D12Core.dll
0x00007ff857160000 - 0x00007ff85718f000 	C:\WINDOWS\SYSTEM32\D3DSCache.dll
0x00007ff864310000 - 0x00007ff864338000 	C:\WINDOWS\SYSTEM32\USERENV.dll
0x00007ff85a3c0000 - 0x00007ff85a64a000 	C:\WINDOWS\SYSTEM32\twinapi.appcore.dll
0x00007ff85eba0000 - 0x00007ff85edf5000 	C:\WINDOWS\SYSTEM32\dcomp.dll
0x00007ff81e6a0000 - 0x00007ff81e848000 	C:\WINDOWS\SYSTEM32\d3d9.dll
0x00007ff850480000 - 0x00007ff8505c3000 	C:\WINDOWS\SYSTEM32\textinputframework.dll
0x00007ff85caa0000 - 0x00007ff85ce0d000 	C:\WINDOWS\SYSTEM32\CoreUIComponents.dll
0x00007ff83b030000 - 0x00007ff83b091000 	C:\Users\Zoki\AppData\Local\Temp\lwjgl_Zoki\3.3.4+7\x64\lwjgl_opengl.dll
0x00007ff85e940000 - 0x00007ff85eb97000 	C:\WINDOWS\SYSTEM32\d3d11.dll
0x00007ff83afa0000 - 0x00007ff83b02d000 	C:\WINDOWS\SYSTEM32\d3d11on12.dll

dbghelp: loaded successfully - version: 4.0.5 - missing functions: none
symbol engine: initialized successfully - sym options: 0x614 - pdb path: .;C:\Users\Zoki\.jdks\corretto-11.0.21\bin;C:\WINDOWS\SYSTEM32;C:\WINDOWS\WinSxS\amd64_microsoft.windows.common-controls_6595b64144ccf1df_6.0.22621.3672_none_2713b9d173822955;C:\Users\Zoki\.jdks\corretto-11.0.21\bin\server;C:\Users\Zoki\AppData\Local\Temp\lwjgl_Zoki\3.3.4+7\x64;C:\Program Files (x86)\RivaTuner Statistics Server;C:\ProgramData\A-Volute\DellInc.AlienwareSoundCenter\Modules\ScheduledModules\x64;C:\Program Files (x86)\Common Files\Keyman\Keyman Engine;C:\WINDOWS\System32\DriverStore\FileRepository\u0401435.inf_amd64_fb057d2d9070dc98\B399655

VM Arguments:
jvm_args: -Dfile.encoding=windows-1252 -Duser.country=US -Duser.language=en -Duser.variant 
java_command: Main
java_class_path (initial): C:\Users\Zoki\Desktop\Game\Unreality2.0\build\classes\java\main;C:\Users\Zoki\Desktop\Game\Unreality2.0\build\resources\main;C:\Users\Zoki\.gradle\caches\modules-2\files-2.1\org.lwjgl\lwjgl-assimp\3.3.4\4651577de25afb21511c4b39e1ee3002ab1cad5d\lwjgl-assimp-3.3.4.jar;C:\Users\Zoki\.gradle\caches\modules-2\files-2.1\org.lwjgl\lwjgl-assimp\3.3.4\65a7534e8a97b340c5e9716e15339b2b8964d656\lwjgl-assimp-3.3.4-natives-windows.jar;C:\Users\Zoki\.gradle\caches\modules-2\files-2.1\org.lwjgl\lwjgl-glfw\3.3.4\7e46ecdec85db8738053cfde1414352cd62dab74\lwjgl-glfw-3.3.4.jar;C:\Users\Zoki\.gradle\caches\modules-2\files-2.1\org.lwjgl\lwjgl-glfw\3.3.4\370ef92d15819a123c643dd2b0fc3a2d40bb263c\lwjgl-glfw-3.3.4-natives-windows.jar;C:\Users\Zoki\.gradle\caches\modules-2\files-2.1\org.lwjgl\lwjgl-nfd\3.3.4\176827b812b331189e36d4879926f50f4fc37b50\lwjgl-nfd-3.3.4.jar;C:\Users\Zoki\.gradle\caches\modules-2\files-2.1\org.lwjgl\lwjgl-nfd\3.3.4\f67e276de66b5666322c6cbc7772786de99634bf\lwjgl-nfd-3.3.4-natives-windows.jar;C:\Users\Zoki\.gradle\caches\modules-2\files-2.1\org.lwjgl\lwjgl-openal\3.3.4\9b74d3ea380c83353d42af43ad9659e04dabe84a\lwjgl-openal-3.3.4.jar;C:\Users\Zoki\.gradle\caches\modules-2\files-2.1\org.lwjgl\lwjgl-openal\3.3.4\c4de8af803aacda71044418095a71cd63b569a15\lwjgl-openal-3.3.4-natives-windows.jar;C:\Users\Zoki\.gradle\caches\modules-2\files-2.1\org.lwjgl\lwjgl-opengl\3.3.4\2852ac7d9f6fc71349f1ce28e2708ff1977f18af\lwjgl-opengl-3.3.4.jar;C:\Users\Zoki\.gradle\caches\modules-2\files-2.1\org.lwjgl\lwjgl-opengl\3.3.4\f7ca4e75573a9ce83075bd86bc8a3e49ff106696\lwjgl-opengl-3.3.4-natives-windows.jar;C:\Users\Zoki\.gradle\caches\modules-2\files-2.1\org.lwjgl\lwjgl-stb\3.3.4\5821735d5ef23f6da8542887344e57eb181b7cac\lwjgl-stb-3.3.4.jar;C:\Users\Zoki\.gradle\caches\modules-2\files-2.1\org.lwjgl\lwjgl-stb\3.3.4\8310e565463ec8d369528e8b26a9b1518d079a01\lwjgl-stb-3.3.4-natives-windows.jar;C:\Users\Zoki\.gradle\caches\modules-2\files-2.1\org.lwjgl\lwjgl\3.3.4\b86c3e4
Launcher Type: SUN_STANDARD

[Global flags]
     intx CICompilerCount                          = 12                                        {product} {ergonomic}
     uint ConcGCThreads                            = 3                                         {product} {ergonomic}
     uint G1ConcRefinementThreads                  = 13                                        {product} {ergonomic}
   size_t G1HeapRegionSize                         = 1048576                                   {product} {ergonomic}
    uintx GCDrainStackTargetSize                   = 64                                        {product} {ergonomic}
   size_t InitialHeapSize                          = 257949696                                 {product} {ergonomic}
   size_t MarkStackSize                            = 4194304                                   {product} {ergonomic}
   size_t MaxHeapSize                              = 4123000832                                {product} {ergonomic}
   size_t MaxNewSize                               = 2473590784                                {product} {ergonomic}
   size_t MinHeapDeltaBytes                        = 1048576                                   {product} {ergonomic}
    uintx NonNMethodCodeHeapSize                   = 7594288                                {pd product} {ergonomic}
    uintx NonProfiledCodeHeapSize                  = 122031976                              {pd product} {ergonomic}
    uintx ProfiledCodeHeapSize                     = 122031976                              {pd product} {ergonomic}
    uintx ReservedCodeCacheSize                    = 251658240                              {pd product} {ergonomic}
     bool SegmentedCodeCache                       = true                                      {product} {ergonomic}
     bool UseCompressedClassPointers               = true                                 {lp64_product} {ergonomic}
     bool UseCompressedOops                        = true                                 {lp64_product} {ergonomic}
     bool UseG1GC                                  = true                                      {product} {ergonomic}
     bool UseLargePagesIndividualAllocation        = false                                  {pd product} {ergonomic}

Logging:
Log output configuration:
 #0: stdout all=warning uptime,level,tags
 #1: stderr all=off uptime,level,tags

Environment Variables:
PATH=C:\Python312\Scripts\;C:\Python312\;C:\Program Files\Common Files\Oracle\Java\javapath;C:\Program Files (x86)\Common Files\Oracle\Java\javapath;C:\Windows\system32;C:\Windows;C:\Windows\System32\Wbem;C:\Windows\System32\WindowsPowerShell\v1.0\;C:\Windows\System32\OpenSSH\;C:\Program Files (x86)\NVIDIA Corporation\PhysX\Common;C:\Program Files\NVIDIA Corporation\NVIDIA NvDLISR;C:\WINDOWS\system32;C:\WINDOWS;C:\WINDOWS\System32\Wbem;C:\WINDOWS\System32\WindowsPowerShell\v1.0\;C:\WINDOWS\System32\OpenSSH\;C:\Program Files\dotnet\;C:\Program Files\Microsoft SQL Server\Client SDK\ODBC\110\Tools\Binn\;C:\Program Files (x86)\Microsoft SQL Server\120\Tools\Binn\;C:\Program Files\Microsoft SQL Server\120\Tools\Binn\;C:\Program Files\Microsoft SQL Server\120\DTS\Binn\;C:\Program Files (x86)\Microsoft SQL Server\120\Tools\Binn\ManagementStudio\;C:\Program Files (x86)\Microsoft SQL Server\120\DTS\Binn\;C:\Program Files\Git\cmd;C:\Program Files\nodejs\;C:\ProgramData\chocolatey\bin;C:\Users\Zoki\AppData\Local\Microsoft\WindowsApps;;C:\Users\Zoki\AppData\Local\Programs\Microsoft VS Code\bin;C:\Program Files\JetBrains\IntelliJ IDEA 2023.2.3\bin;;C:\Users\Zoki\AppData\Roaming\npm
USERNAME=Zoki
OS=Windows_NT
PROCESSOR_IDENTIFIER=AMD64 Family 25 Model 80 Stepping 0, AuthenticAMD
TMP=C:\Users\Zoki\AppData\Local\Temp
TEMP=C:\Users\Zoki\AppData\Local\Temp



---------------  S Y S T E M  ---------------

OS: Windows 11 , 64 bit Build 22621 (10.0.22621.3958)
OS uptime: 0 days 5:08 hours

CPU:total 16 (initial active 16) (16 cores per cpu, 2 threads per core) family 25 model 80 stepping 0 microcode 0x0, cmov, cx8, fxsr, mmx, sse, sse2, sse3, ssse3, sse4.1, sse4.2, popcnt, avx, avx2, aes, clmul, erms, mmxext, 3dnowpref, lzcnt, sse4a, ht, tsc, tscinvbit, tscinv, bmi1, bmi2, adx, sha, fma

Memory: 4k page, system-wide physical 15720M (2453M free)
TotalPageFile size 24936M (AvailPageFile size 4573M)
current process WorkingSet (physical memory assigned to process): 248M, peak: 248M
current process commit charge ("private bytes"): 688M, peak: 688M

vm_info: OpenJDK 64-Bit Server VM (11.0.21+9-LTS) for windows-amd64 JRE (11.0.21+9-LTS), built on Oct  9 2023 18:37:11 by "Administrator" with MS VC++ 16.10 / 16.11 (VS2019)

END.
